-------------------------------------------------------------------------------
Test set: com.newton.trabalho.apifipe.ApiFipeApplicationTests
-------------------------------------------------------------------------------
Tests run: 4, Failures: 0, Errors: 1, Skipped: 0, Time elapsed: 1.807 s <<< FAILURE! - in com.newton.trabalho.apifipe.ApiFipeApplicationTests
com.newton.trabalho.apifipe.ApiFipeApplicationTests$MongoDbSpringIntegrationTest  Time elapsed: 0.005 s  <<< ERROR!
java.lang.IllegalStateException: Configuration error: found multiple declarations of @BootstrapWith for test class [com.newton.trabalho.apifipe.ApiFipeApplicationTests$MongoDbSpringIntegrationTest]: [@org.springframework.test.context.BootstrapWith(value=org.springframework.boot.test.autoconfigure.data.mongo.DataMongoTestContextBootstrapper), @org.springframework.test.context.BootstrapWith(value=org.springframework.boot.test.context.SpringBootTestContextBootstrapper)]

