<?xml version="1.0" encoding="UTF-8"?>
<testsuite xmlns:xsi="http://www.w3.org/2001/XMLSchema-instance" xsi:noNamespaceSchemaLocation="https://maven.apache.org/surefire/maven-surefire-plugin/xsd/surefire-test-report.xsd" name="com.newton.trabalho.apifipe.ApiFipeApplicationTests" time="1.807" tests="4" errors="1" skipped="0" failures="0">
  <properties>
[...]
</properties>
  <testcase name="testMain" classname="com.newton.trabalho.apifipe.ApiFipeApplicationTests" time="0.409"/>
  <testcase name="testId" classname="com.newton.trabalho.apifipe.ApiFipeApplicationTests" time="0.001"/>
  <testcase name="contextLoads" classname="com.newton.trabalho.apifipe.ApiFipeApplicationTests" time="0"/>
  <testcase name="com.newton.trabalho.apifipe.ApiFipeApplicationTests$MongoDbSpringIntegrationTest" classname="com.newton.trabalho.apifipe.ApiFipeApplicationTests$MongoDbSpringIntegrationTest" time="0.005">
    <error message="Configuration error: found multiple declarations of @BootstrapWith for test class [com.newton.trabalho.apifipe.ApiFipeApplicationTests$MongoDbSpringIntegrationTest]: [@org.springframework.test.context.BootstrapWith(value=org.springframework.boot.test.autoconfigure.data.mongo.DataMongoTestContextBootstrapper), @org.springframework.test.context.BootstrapWith(value=org.springframework.boot.test.context.SpringBootTestContextBootstrapper)]" type="java.lang.IllegalStateException">java.lang.IllegalStateException: Configuration error: found multiple declarations of @BootstrapWith for test class [com.newton.trabalho.apifipe.ApiFipeApplicationTests$MongoDbSpringIntegrationTest]: [@org.springframework.test.context.BootstrapWith(value=org.springframework.boot.test.autoconfigure.data.mongo.DataMongoTestContextBootstrapper), @org.springframework.test.context.BootstrapWith(value=org.springframework.boot.test.context.SpringBootTestContextBootstrapper)]
</error>
  </testcase>
</testsuite>